2021-05-11T04:28:42+00:00 ERROR Error getting remote inbox notification data feed
2021-05-11T04:28:43+00:00 ERROR WP_Error Object
(
    [errors] => Array
        (
            [http_request_failed] => Array
                (
                    [0] => cURL error 28: Resolving timed out after 5006 milliseconds
                )

        )

    [error_data] => Array
        (
        )

)

2021-05-11T04:28:48+00:00 ERROR Error getting remote inbox notification data feed
2021-05-11T04:28:48+00:00 ERROR WP_Error Object
(
    [errors] => Array
        (
            [http_request_failed] => Array
                (
                    [0] => cURL error 28: Operation timed out after 5002 milliseconds with 0 out of 0 bytes received
                )

        )

    [error_data] => Array
        (
        )

)

